<?xml version="1.0" encoding="UTF-8"?>
<!-- Generated by org.testng.reporters.JUnitReportReporter -->
<testsuite hostname="LAPTOP-2C8O0UNG" failures="0" tests="1" name="com.ui.qa.test.SignUpPageTest" time="4.382" errors="0" timestamp="2023-10-09T02:56:19 IST" skipped="0">
  <testcase classname="com.ui.qa.test.SignUpPageTest" name="LoginPageTitleTest" time="4.382"/>
  <system-out/>
</testsuite> <!-- com.ui.qa.test.SignUpPageTest -->
