<?xml version="1.0" encoding="UTF-8"?>
<!-- Generated by org.testng.reporters.JUnitReportReporter -->
<testsuite hostname="LAPTOP-2C8O0UNG" failures="0" tests="4" name="com.ui.qa.test.HomePageTest" time="31.335" errors="0" timestamp="2023-10-09T02:56:19 IST" skipped="0">
  <testcase classname="com.ui.qa.test.HomePageTest" name="HomePageValidation" time="8.799"/>
  <system-out/>
  <testcase classname="com.ui.qa.test.HomePageTest" name="ValidationCreateNewContact" time="7.548"/>
  <system-out/>
  <testcase classname="com.ui.qa.test.HomePageTest" name="ValidationCreateNewContact" time="7.449"/>
  <system-out/>
  <testcase classname="com.ui.qa.test.HomePageTest" name="ValidationCreateNewContact" time="7.539"/>
  <system-out/>
</testsuite> <!-- com.ui.qa.test.HomePageTest -->
