<?xml version="1.0" encoding="UTF-8"?>
<!-- Generated by org.testng.reporters.JUnitReportReporter -->
<testsuite hostname="LAPTOP-2C8O0UNG" failures="0" tests="2" name="com.ui.qa.test.loginPageTest" time="8.849" errors="0" timestamp="2023-10-09T02:56:19 IST" skipped="0">
  <testcase classname="com.ui.qa.test.loginPageTest" name="LoginPageTitleTest" time="4.339"/>
  <system-out/>
  <testcase classname="com.ui.qa.test.loginPageTest" name="loginTest" time="4.510"/>
  <system-out/>
</testsuite> <!-- com.ui.qa.test.loginPageTest -->
