<?xml version="1.0" encoding="UTF-8"?>
<!-- Generated by org.testng.reporters.JUnitReportReporter -->
<testsuite hostname="LAPTOP-2C8O0UNG" failures="0" tests="2" name="com.ui.qa.test.loginPageTest" time="12.639" errors="0" timestamp="2023-10-12T20:44:36 IST" skipped="0">
  <testcase classname="com.ui.qa.test.loginPageTest" name="LoginPageTitleTest" time="4.626"/>
  <system-out/>
  <testcase classname="com.ui.qa.test.loginPageTest" name="loginTest" time="8.013"/>
  <system-out/>
</testsuite> <!-- com.ui.qa.test.loginPageTest -->
