<?xml version="1.0" encoding="UTF-8"?>
<!-- Generated by org.testng.reporters.JUnitReportReporter -->
<testsuite hostname="LAPTOP-2C8O0UNG" failures="0" tests="4" name="com.ui.qa.test.HomePageTest" time="33.169" errors="0" timestamp="2023-10-12T20:44:36 IST" skipped="0">
  <testcase classname="com.ui.qa.test.HomePageTest" name="HomePageValidation" time="7.370"/>
  <system-out/>
  <testcase classname="com.ui.qa.test.HomePageTest" name="ValidationCreateNewContact" time="7.986"/>
  <system-out/>
  <testcase classname="com.ui.qa.test.HomePageTest" name="ValidationCreateNewContact" time="9.869"/>
  <system-out/>
  <testcase classname="com.ui.qa.test.HomePageTest" name="ValidationCreateNewContact" time="7.944"/>
  <system-out/>
</testsuite> <!-- com.ui.qa.test.HomePageTest -->
